  main.cpp
C:\Users\82109\문서\data-structure-lab-2024\Chap02_Array_Class\Chap02_Class_Example\Car.h(25,10): warning C4477: 'printf' : 서식 문자열 '%x'에 'unsigned int' 형식의 인수가 필요하지만 variadic 인수 1의 형식이 'Car *'입니다.
  (소스 파일 'main.cpp'을(를) 컴파일하는 중)
  
C:\Users\82109\문서\data-structure-lab-2024\Chap02_Array_Class\Chap02_Class_Example\Car.h(25,10): warning C4313: 'printf': 서식 문자열의 '%x'이(가) Car *' 형식의 인수 1과(와) 충돌합니다.
  (소스 파일 'main.cpp'을(를) 컴파일하는 중)
  
C:\Users\82109\문서\data-structure-lab-2024\Chap02_Array_Class\Chap02_Class_Example\Music.h(24,7): error C2523: 'Music::~Muscic': 소멸자 태그가 일치하지 않습니다.
  (소스 파일 'main.cpp'을(를) 컴파일하는 중)
  
C:\Users\82109\문서\data-structure-lab-2024\Chap02_Array_Class\Chap02_Class_Example\main.cpp(34,1): error C3927: '->': 후행 반환 형식은 비함수 선언자 뒤에 올 수 없습니다.
C:\Users\82109\문서\data-structure-lab-2024\Chap02_Array_Class\Chap02_Class_Example\main.cpp(34,10): error C3484: 구문 오류: 반환 형식 앞에 '->'가 필요합니다.
C:\Users\82109\문서\data-structure-lab-2024\Chap02_Array_Class\Chap02_Class_Example\main.cpp(34,11): error C3613: '->' 후 반환 형식이 없습니다('int'로 간주됨).
C:\Users\82109\문서\data-structure-lab-2024\Chap02_Array_Class\Chap02_Class_Example\main.cpp(34,19): error C4430: 형식 지정자가 없습니다. int로 가정합니다. 참고: C++에서는 기본 int를 지원하지 않습니다.
C:\Users\82109\문서\data-structure-lab-2024\Chap02_Array_Class\Chap02_Class_Example\main.cpp(34,1): error C2371: 'myService': 재정의. 기본 형식이 다릅니다.
  C:\Users\82109\문서\data-structure-lab-2024\Chap02_Array_Class\Chap02_Class_Example\main.cpp(33,23):
  'myService' 선언을 참조하십시오.
  
C:\Users\82109\문서\data-structure-lab-2024\Chap02_Array_Class\Chap02_Class_Example\main.cpp(34,11): error C2146: 구문 오류: ';'이(가) 'addMusic' 식별자 앞에 없습니다.
C:\Users\82109\문서\data-structure-lab-2024\Chap02_Array_Class\Chap02_Class_Example\main.cpp(35,1): error C3927: '->': 후행 반환 형식은 비함수 선언자 뒤에 올 수 없습니다.
C:\Users\82109\문서\data-structure-lab-2024\Chap02_Array_Class\Chap02_Class_Example\main.cpp(35,10): error C3484: 구문 오류: 반환 형식 앞에 '->'가 필요합니다.
C:\Users\82109\문서\data-structure-lab-2024\Chap02_Array_Class\Chap02_Class_Example\main.cpp(35,11): error C3613: '->' 후 반환 형식이 없습니다('int'로 간주됨).
C:\Users\82109\문서\data-structure-lab-2024\Chap02_Array_Class\Chap02_Class_Example\main.cpp(35,19): error C4430: 형식 지정자가 없습니다. int로 가정합니다. 참고: C++에서는 기본 int를 지원하지 않습니다.
C:\Users\82109\문서\data-structure-lab-2024\Chap02_Array_Class\Chap02_Class_Example\main.cpp(35,1): error C2371: 'myService': 재정의. 기본 형식이 다릅니다.
  C:\Users\82109\문서\data-structure-lab-2024\Chap02_Array_Class\Chap02_Class_Example\main.cpp(33,23):
  'myService' 선언을 참조하십시오.
  
C:\Users\82109\문서\data-structure-lab-2024\Chap02_Array_Class\Chap02_Class_Example\main.cpp(35,11): error C2146: 구문 오류: ';'이(가) 'addMusic' 식별자 앞에 없습니다.
C:\Users\82109\문서\data-structure-lab-2024\Chap02_Array_Class\Chap02_Class_Example\main.cpp(36,1): error C3927: '->': 후행 반환 형식은 비함수 선언자 뒤에 올 수 없습니다.
C:\Users\82109\문서\data-structure-lab-2024\Chap02_Array_Class\Chap02_Class_Example\main.cpp(36,10): error C3484: 구문 오류: 반환 형식 앞에 '->'가 필요합니다.
C:\Users\82109\문서\data-structure-lab-2024\Chap02_Array_Class\Chap02_Class_Example\main.cpp(36,11): error C3613: '->' 후 반환 형식이 없습니다('int'로 간주됨).
C:\Users\82109\문서\data-structure-lab-2024\Chap02_Array_Class\Chap02_Class_Example\main.cpp(36,19): error C4430: 형식 지정자가 없습니다. int로 가정합니다. 참고: C++에서는 기본 int를 지원하지 않습니다.
C:\Users\82109\문서\data-structure-lab-2024\Chap02_Array_Class\Chap02_Class_Example\main.cpp(36,1): error C2371: 'myService': 재정의. 기본 형식이 다릅니다.
  C:\Users\82109\문서\data-structure-lab-2024\Chap02_Array_Class\Chap02_Class_Example\main.cpp(33,23):
  'myService' 선언을 참조하십시오.
  
C:\Users\82109\문서\data-structure-lab-2024\Chap02_Array_Class\Chap02_Class_Example\main.cpp(36,11): error C2146: 구문 오류: ';'이(가) 'addMusic' 식별자 앞에 없습니다.
C:\Users\82109\문서\data-structure-lab-2024\Chap02_Array_Class\Chap02_Class_Example\main.cpp(39,6): error C2143: 구문 오류: ';'이(가) '<<' 앞에 없습니다.
C:\Users\82109\문서\data-structure-lab-2024\Chap02_Array_Class\Chap02_Class_Example\main.cpp(39,6): error C4430: 형식 지정자가 없습니다. int로 가정합니다. 참고: C++에서는 기본 int를 지원하지 않습니다.
C:\Users\82109\문서\data-structure-lab-2024\Chap02_Array_Class\Chap02_Class_Example\main.cpp(39,6): error C2059: 구문 오류: '<<'
C:\Users\82109\문서\data-structure-lab-2024\Chap02_Array_Class\Chap02_Class_Example\main.cpp(40,5): error C2143: 구문 오류: ';'이(가) '>>' 앞에 없습니다.
C:\Users\82109\문서\data-structure-lab-2024\Chap02_Array_Class\Chap02_Class_Example\main.cpp(40,5): error C4430: 형식 지정자가 없습니다. int로 가정합니다. 참고: C++에서는 기본 int를 지원하지 않습니다.
C:\Users\82109\문서\data-structure-lab-2024\Chap02_Array_Class\Chap02_Class_Example\main.cpp(40,5): error C2059: 구문 오류: '>>'
C:\Users\82109\문서\data-structure-lab-2024\Chap02_Array_Class\Chap02_Class_Example\main.cpp(43,1): error C2059: 구문 오류: 'if'
C:\Users\82109\문서\data-structure-lab-2024\Chap02_Array_Class\Chap02_Class_Example\main.cpp(43,21): error C2143: 구문 오류: ';'이(가) '{' 앞에 없습니다.
C:\Users\82109\문서\data-structure-lab-2024\Chap02_Array_Class\Chap02_Class_Example\main.cpp(43,21): error C2447: '{': 함수 헤더가 없습니다. 이전 스타일의 형식 목록입니까?
C:\Users\82109\문서\data-structure-lab-2024\Chap02_Array_Class\Chap02_Class_Example\main.cpp(47,1): error C2059: 구문 오류: 'else'
C:\Users\82109\문서\data-structure-lab-2024\Chap02_Array_Class\Chap02_Class_Example\main.cpp(47,6): error C2143: 구문 오류: ';'이(가) '{' 앞에 없습니다.
C:\Users\82109\문서\data-structure-lab-2024\Chap02_Array_Class\Chap02_Class_Example\main.cpp(47,6): error C2447: '{': 함수 헤더가 없습니다. 이전 스타일의 형식 목록입니까?
C:\Users\82109\문서\data-structure-lab-2024\Chap02_Array_Class\Chap02_Class_Example\main.cpp(52,6): error C2143: 구문 오류: ';'이(가) '<<' 앞에 없습니다.
C:\Users\82109\문서\data-structure-lab-2024\Chap02_Array_Class\Chap02_Class_Example\main.cpp(52,6): error C4430: 형식 지정자가 없습니다. int로 가정합니다. 참고: C++에서는 기본 int를 지원하지 않습니다.
C:\Users\82109\문서\data-structure-lab-2024\Chap02_Array_Class\Chap02_Class_Example\main.cpp(52,1): error C2086: 'int cout': 재정의
  C:\Users\82109\문서\data-structure-lab-2024\Chap02_Array_Class\Chap02_Class_Example\main.cpp(39,1):
  'cout' 선언을 참조하십시오.
  
C:\Users\82109\문서\data-structure-lab-2024\Chap02_Array_Class\Chap02_Class_Example\main.cpp(52,6): error C2059: 구문 오류: '<<'
C:\Users\82109\문서\data-structure-lab-2024\Chap02_Array_Class\Chap02_Class_Example\main.cpp(53,5): error C2143: 구문 오류: ';'이(가) '>>' 앞에 없습니다.
C:\Users\82109\문서\data-structure-lab-2024\Chap02_Array_Class\Chap02_Class_Example\main.cpp(53,5): error C4430: 형식 지정자가 없습니다. int로 가정합니다. 참고: C++에서는 기본 int를 지원하지 않습니다.
C:\Users\82109\문서\data-structure-lab-2024\Chap02_Array_Class\Chap02_Class_Example\main.cpp(53,1): error C2086: 'int cin': 재정의
  C:\Users\82109\문서\data-structure-lab-2024\Chap02_Array_Class\Chap02_Class_Example\main.cpp(40,1):
  'cin' 선언을 참조하십시오.
  
C:\Users\82109\문서\data-structure-lab-2024\Chap02_Array_Class\Chap02_Class_Example\main.cpp(53,5): error C2059: 구문 오류: '>>'
C:\Users\82109\문서\data-structure-lab-2024\Chap02_Array_Class\Chap02_Class_Example\main.cpp(56,1): error C2059: 구문 오류: 'if'
C:\Users\82109\문서\data-structure-lab-2024\Chap02_Array_Class\Chap02_Class_Example\main.cpp(56,30): error C2143: 구문 오류: ';'이(가) '{' 앞에 없습니다.
C:\Users\82109\문서\data-structure-lab-2024\Chap02_Array_Class\Chap02_Class_Example\main.cpp(56,30): error C2447: '{': 함수 헤더가 없습니다. 이전 스타일의 형식 목록입니까?
C:\Users\82109\문서\data-structure-lab-2024\Chap02_Array_Class\Chap02_Class_Example\main.cpp(62,1): error C2059: 구문 오류: 'else'
C:\Users\82109\문서\data-structure-lab-2024\Chap02_Array_Class\Chap02_Class_Example\main.cpp(62,6): error C2143: 구문 오류: ';'이(가) '{' 앞에 없습니다.
C:\Users\82109\문서\data-structure-lab-2024\Chap02_Array_Class\Chap02_Class_Example\main.cpp(62,6): error C2447: '{': 함수 헤더가 없습니다. 이전 스타일의 형식 목록입니까?
